[yohoho.io/index.html]
[backblue.gif]
[fade.gif]
[index.html]
[yohoho.io/favicon/apple-touch-icon.png]
[yohoho.io/favicon/favicon-32x32.png]
[yohoho.io/favicon/favicon-16x16.png]
[yohoho.io/favicon/site.webmanifest]
[yohoho.io/favicon/safari-pinned-tab.svg]
[cdn.ravenjs.com/3.26.2/raven.min.js]
[yohoho.io/favicon/favicon.ico]
[yohoho.io/img/lock.svg]
[yohoho.io/about.html]
[yohoho.io/privacypolicy.html]
[yohoho.io/img/coins_m.png]
[yohoho.io/img/close.svg]
[yohoho.io/img/chest.png]
[yohoho.io/img/safari-share.png]
[yohoho.io/img/safari-add-homescreen.png]
[yohoho.io/index.html]
[api.adinplay.com/libs/aiptag/pub/NTC/yohoho.io/tag.min.js]
[yohoho.io/yohoho.js]
[yohoho.io/favicon/safari-pinned-tab.svg]
[yohoho.io/img/lock.svg]
[yohoho.io/about.html]
[yohoho.io/cdn-cgi/l/email-protection.html]
[yohoho.io/privacypolicy.html]
[yohoho.io/img/close.svg]
[yohoho.io/cdn-cgi/l/email-protection.html]
[yohoho.io/cdn-cgi/scripts/5c5dd728/cloudflare-static/email-decode.min.js]
